<?xml version="1.0" encoding="UTF-8"?>
<!-- Generated by org.testng.reporters.JUnitXMLReporter -->
<testsuite ignored="0" hostname="DESKTOP-4VODV2N" failures="0" tests="6" name="Surefire test" time="0.152" errors="0" timestamp="2021-07-15T17:03:27 IST">
  <testcase classname="NSDLTraining.CalculatorAPI.TestingSubtractionTestCases" name="TestSubtractionWithPositiveNumbers" time="0.005"/>
  <testcase classname="NSDLTraining.CalculatorAPI.TestingSubtractionTestCases" name="TestSubtractionWith1Positive1NegativeNumbers" time="0.0"/>
  <testcase classname="NSDLTraining.CalculatorAPI.TestMultiplication" name="TestMultiplicationWithPositiveValues" time="0.001"/>
  <testcase classname="NSDLTraining.CalculatorAPI.TestMultiplication" name="TestMultiplicationWithPositiveValues" time="0.0"/>
  <testcase classname="NSDLTraining.CalculatorAPI.TestMultiplication" name="TestMultiplicationWithPositiveValues" time="0.001"/>
  <testcase classname="NSDLTraining.CalculatorAPI.TestMultiplication" name="TestMultiplicationWithPositiveValues" time="0.001"/>
</testsuite> <!-- Surefire test -->
