<?xml version="1.0" encoding="UTF-8"?>
<!-- Generated by org.testng.reporters.JUnitXMLReporter -->
<testsuite ignored="0" hostname="LPTSEPT12" failures="0" tests="3" name="Default test" time="0.065" errors="0" timestamp="2021-07-14T14:40:33 IST">
  <testcase classname="NSDLTraining.CalculatorAPI.AdditionTestCases" name="TestAdditionWithPositiveNumbers" time="0.006"/>
  <testcase classname="NSDLTraining.CalculatorAPI.AdditionTestCases" name="TestAdditionWithOnePositiveOneNegative" time="0.0"/>
  <testcase classname="NSDLTraining.CalculatorAPI.AdditionTestCases" name="TestAdditionWithZeroNumbers" time="0.001"/>
</testsuite> <!-- Default test -->
