<?xml version="1.0" encoding="UTF-8"?>
<testng-results ignored="0" total="6" passed="6" failed="0" skipped="0">
  <reporter-output>
  </reporter-output>
  <suite started-at="2021-07-15T17:03:27 IST" name="Surefire suite" finished-at="2021-07-15T17:03:27 IST" duration-ms="152">
    <groups>
      <group name="RegressionTest">
        <method signature="TestMultiplication.TestMultiplicationWithPositiveValues(int,int,int)[pri:1, instance:NSDLTraining.CalculatorAPI.TestMultiplication@765d7657]" name="TestMultiplicationWithPositiveValues" class="NSDLTraining.CalculatorAPI.TestMultiplication"/>
        <method signature="TestingSubtractionTestCases.TestSubtractionWithPositiveNumbers()[pri:1, instance:NSDLTraining.CalculatorAPI.TestingSubtractionTestCases@41d477ed]" name="TestSubtractionWithPositiveNumbers" class="NSDLTraining.CalculatorAPI.TestingSubtractionTestCases"/>
      </group> <!-- RegressionTest -->
    </groups>
    <test started-at="2021-07-15T17:03:27 IST" name="Surefire test" finished-at="2021-07-15T17:03:27 IST" duration-ms="152">
      <class name="NSDLTraining.CalculatorAPI.TestingSubtractionTestCases">
        <test-method is-config="true" signature="Init()[pri:0, instance:NSDLTraining.CalculatorAPI.TestingSubtractionTestCases@41d477ed]" started-at="2021-07-15T17:03:27 IST" name="Init" finished-at="2021-07-15T17:03:27 IST" duration-ms="24" status="PASS">
          <reporter-output>
          </reporter-output>
        </test-method> <!-- Init -->
        <test-method is-config="true" signature="ReInitialise()[pri:0, instance:NSDLTraining.CalculatorAPI.TestingSubtractionTestCases@41d477ed]" started-at="2021-07-15T17:03:27 IST" name="ReInitialise" finished-at="2021-07-15T17:03:27 IST" duration-ms="1" status="PASS">
          <reporter-output>
          </reporter-output>
        </test-method> <!-- ReInitialise -->
        <test-method signature="TestSubtractionWithPositiveNumbers()[pri:1, instance:NSDLTraining.CalculatorAPI.TestingSubtractionTestCases@41d477ed]" started-at="2021-07-15T17:03:27 IST" name="TestSubtractionWithPositiveNumbers" finished-at="2021-07-15T17:03:27 IST" duration-ms="5" status="PASS">
          <reporter-output>
          </reporter-output>
        </test-method> <!-- TestSubtractionWithPositiveNumbers -->
        <test-method is-config="true" signature="ReInitialise()[pri:0, instance:NSDLTraining.CalculatorAPI.TestingSubtractionTestCases@41d477ed]" started-at="2021-07-15T17:03:27 IST" name="ReInitialise" finished-at="2021-07-15T17:03:27 IST" duration-ms="0" status="PASS">
          <reporter-output>
          </reporter-output>
        </test-method> <!-- ReInitialise -->
        <test-method signature="TestSubtractionWith1Positive1NegativeNumbers()[pri:2, instance:NSDLTraining.CalculatorAPI.TestingSubtractionTestCases@41d477ed]" started-at="2021-07-15T17:03:27 IST" name="TestSubtractionWith1Positive1NegativeNumbers" finished-at="2021-07-15T17:03:27 IST" duration-ms="0" status="PASS">
          <reporter-output>
          </reporter-output>
        </test-method> <!-- TestSubtractionWith1Positive1NegativeNumbers -->
        <test-method is-config="true" signature="Teardown()[pri:0, instance:NSDLTraining.CalculatorAPI.TestingSubtractionTestCases@41d477ed]" started-at="2021-07-15T17:03:27 IST" name="Teardown" finished-at="2021-07-15T17:03:27 IST" duration-ms="1" status="PASS">
          <reporter-output>
          </reporter-output>
        </test-method> <!-- Teardown -->
      </class> <!-- NSDLTraining.CalculatorAPI.TestingSubtractionTestCases -->
      <class name="NSDLTraining.CalculatorAPI.TestMultiplication">
        <test-method is-config="true" signature="Init()[pri:0, instance:NSDLTraining.CalculatorAPI.TestMultiplication@765d7657]" started-at="2021-07-15T17:03:27 IST" name="Init" finished-at="2021-07-15T17:03:27 IST" duration-ms="0" status="PASS">
          <reporter-output>
          </reporter-output>
        </test-method> <!-- Init -->
        <test-method is-config="true" signature="ReinitialisingResult()[pri:0, instance:NSDLTraining.CalculatorAPI.TestMultiplication@765d7657]" started-at="2021-07-15T17:03:27 IST" name="ReinitialisingResult" finished-at="2021-07-15T17:03:27 IST" duration-ms="2" status="PASS">
          <reporter-output>
          </reporter-output>
        </test-method> <!-- ReinitialisingResult -->
        <test-method signature="TestMultiplicationWithPositiveValues(int,int,int)[pri:1, instance:NSDLTraining.CalculatorAPI.TestMultiplication@765d7657]" started-at="2021-07-15T17:03:27 IST" name="TestMultiplicationWithPositiveValues" data-provider="ProvidePositiveIntegerValues" finished-at="2021-07-15T17:03:27 IST" duration-ms="1" status="PASS">
          <params>
            <param index="0">
              <value>
                <![CDATA[1]]>
              </value>
            </param>
            <param index="1">
              <value>
                <![CDATA[2]]>
              </value>
            </param>
            <param index="2">
              <value>
                <![CDATA[2]]>
              </value>
            </param>
          </params>
          <reporter-output>
          </reporter-output>
        </test-method> <!-- TestMultiplicationWithPositiveValues -->
        <test-method is-config="true" signature="ReinitialisingResult()[pri:0, instance:NSDLTraining.CalculatorAPI.TestMultiplication@765d7657]" started-at="2021-07-15T17:03:27 IST" name="ReinitialisingResult" finished-at="2021-07-15T17:03:27 IST" duration-ms="1" status="PASS">
          <reporter-output>
          </reporter-output>
        </test-method> <!-- ReinitialisingResult -->
        <test-method signature="TestMultiplicationWithPositiveValues(int,int,int)[pri:1, instance:NSDLTraining.CalculatorAPI.TestMultiplication@765d7657]" started-at="2021-07-15T17:03:27 IST" name="TestMultiplicationWithPositiveValues" data-provider="ProvidePositiveIntegerValues" finished-at="2021-07-15T17:03:27 IST" duration-ms="0" status="PASS">
          <params>
            <param index="0">
              <value>
                <![CDATA[10]]>
              </value>
            </param>
            <param index="1">
              <value>
                <![CDATA[20]]>
              </value>
            </param>
            <param index="2">
              <value>
                <![CDATA[200]]>
              </value>
            </param>
          </params>
          <reporter-output>
          </reporter-output>
        </test-method> <!-- TestMultiplicationWithPositiveValues -->
        <test-method is-config="true" signature="ReinitialisingResult()[pri:0, instance:NSDLTraining.CalculatorAPI.TestMultiplication@765d7657]" started-at="2021-07-15T17:03:27 IST" name="ReinitialisingResult" finished-at="2021-07-15T17:03:27 IST" duration-ms="0" status="PASS">
          <reporter-output>
          </reporter-output>
        </test-method> <!-- ReinitialisingResult -->
        <test-method signature="TestMultiplicationWithPositiveValues(int,int,int)[pri:1, instance:NSDLTraining.CalculatorAPI.TestMultiplication@765d7657]" started-at="2021-07-15T17:03:27 IST" name="TestMultiplicationWithPositiveValues" data-provider="ProvidePositiveIntegerValues" finished-at="2021-07-15T17:03:27 IST" duration-ms="1" status="PASS">
          <params>
            <param index="0">
              <value>
                <![CDATA[1000]]>
              </value>
            </param>
            <param index="1">
              <value>
                <![CDATA[2000]]>
              </value>
            </param>
            <param index="2">
              <value>
                <![CDATA[2000000]]>
              </value>
            </param>
          </params>
          <reporter-output>
          </reporter-output>
        </test-method> <!-- TestMultiplicationWithPositiveValues -->
        <test-method is-config="true" signature="ReinitialisingResult()[pri:0, instance:NSDLTraining.CalculatorAPI.TestMultiplication@765d7657]" started-at="2021-07-15T17:03:27 IST" name="ReinitialisingResult" finished-at="2021-07-15T17:03:27 IST" duration-ms="0" status="PASS">
          <reporter-output>
          </reporter-output>
        </test-method> <!-- ReinitialisingResult -->
        <test-method signature="TestMultiplicationWithPositiveValues(int,int,int)[pri:1, instance:NSDLTraining.CalculatorAPI.TestMultiplication@765d7657]" started-at="2021-07-15T17:03:27 IST" name="TestMultiplicationWithPositiveValues" data-provider="ProvidePositiveIntegerValues" finished-at="2021-07-15T17:03:27 IST" duration-ms="1" status="PASS">
          <params>
            <param index="0">
              <value>
                <![CDATA[100]]>
              </value>
            </param>
            <param index="1">
              <value>
                <![CDATA[200]]>
              </value>
            </param>
            <param index="2">
              <value>
                <![CDATA[20000]]>
              </value>
            </param>
          </params>
          <reporter-output>
          </reporter-output>
        </test-method> <!-- TestMultiplicationWithPositiveValues -->
      </class> <!-- NSDLTraining.CalculatorAPI.TestMultiplication -->
    </test> <!-- Surefire test -->
  </suite> <!-- Surefire suite -->
</testng-results>
