<?xml version="1.0" encoding="UTF-8"?>
<testng-results ignored="0" total="3" passed="3" failed="0" skipped="0">
  <reporter-output>
  </reporter-output>
  <suite started-at="2021-07-14T14:40:33 IST" name="Default suite" finished-at="2021-07-14T14:40:33 IST" duration-ms="65">
    <groups>
    </groups>
    <test started-at="2021-07-14T14:40:33 IST" name="Default test" finished-at="2021-07-14T14:40:33 IST" duration-ms="65">
      <class name="NSDLTraining.CalculatorAPI.AdditionTestCases">
        <test-method is-config="true" signature="Init()[pri:0, instance:NSDLTraining.CalculatorAPI.AdditionTestCases@48974e45]" started-at="2021-07-14T14:40:33 IST" name="Init" finished-at="2021-07-14T14:40:33 IST" duration-ms="11" status="PASS">
          <reporter-output>
          </reporter-output>
        </test-method> <!-- Init -->
        <test-method is-config="true" signature="ReinitialiseResultVar()[pri:0, instance:NSDLTraining.CalculatorAPI.AdditionTestCases@48974e45]" started-at="2021-07-14T14:40:33 IST" name="ReinitialiseResultVar" finished-at="2021-07-14T14:40:33 IST" duration-ms="0" status="PASS">
          <reporter-output>
          </reporter-output>
        </test-method> <!-- ReinitialiseResultVar -->
        <test-method signature="TestAdditionWithPositiveNumbers()[pri:1, instance:NSDLTraining.CalculatorAPI.AdditionTestCases@48974e45]" started-at="2021-07-14T14:40:33 IST" name="TestAdditionWithPositiveNumbers" finished-at="2021-07-14T14:40:33 IST" duration-ms="6" status="PASS">
          <reporter-output>
          </reporter-output>
        </test-method> <!-- TestAdditionWithPositiveNumbers -->
        <test-method is-config="true" signature="ReinitialiseResultVar()[pri:0, instance:NSDLTraining.CalculatorAPI.AdditionTestCases@48974e45]" started-at="2021-07-14T14:40:33 IST" name="ReinitialiseResultVar" finished-at="2021-07-14T14:40:33 IST" duration-ms="1" status="PASS">
          <reporter-output>
          </reporter-output>
        </test-method> <!-- ReinitialiseResultVar -->
        <test-method signature="TestAdditionWithOnePositiveOneNegative()[pri:2, instance:NSDLTraining.CalculatorAPI.AdditionTestCases@48974e45]" started-at="2021-07-14T14:40:33 IST" name="TestAdditionWithOnePositiveOneNegative" finished-at="2021-07-14T14:40:33 IST" duration-ms="0" status="PASS">
          <reporter-output>
          </reporter-output>
        </test-method> <!-- TestAdditionWithOnePositiveOneNegative -->
        <test-method signature="TestAdditionWithZeroNumbers()[pri:3, instance:NSDLTraining.CalculatorAPI.AdditionTestCases@48974e45]" started-at="2021-07-14T14:40:33 IST" name="TestAdditionWithZeroNumbers" finished-at="2021-07-14T14:40:33 IST" duration-ms="1" status="PASS">
          <reporter-output>
          </reporter-output>
        </test-method> <!-- TestAdditionWithZeroNumbers -->
        <test-method is-config="true" signature="ReinitialiseResultVar()[pri:0, instance:NSDLTraining.CalculatorAPI.AdditionTestCases@48974e45]" started-at="2021-07-14T14:40:33 IST" name="ReinitialiseResultVar" finished-at="2021-07-14T14:40:33 IST" duration-ms="0" status="PASS">
          <reporter-output>
          </reporter-output>
        </test-method> <!-- ReinitialiseResultVar -->
        <test-method is-config="true" signature="Teardown()[pri:0, instance:NSDLTraining.CalculatorAPI.AdditionTestCases@48974e45]" started-at="2021-07-14T14:40:33 IST" name="Teardown" finished-at="2021-07-14T14:40:33 IST" duration-ms="1" status="PASS">
          <reporter-output>
          </reporter-output>
        </test-method> <!-- Teardown -->
      </class> <!-- NSDLTraining.CalculatorAPI.AdditionTestCases -->
    </test> <!-- Default test -->
  </suite> <!-- Default suite -->
</testng-results>
